Cadence Genus(TM) Synthesis Solution.
Copyright 2017 Cadence Design Systems, Inc. All rights reserved worldwide.
Cadence and the Cadence logo are registered trademarks and Genus is a trademark
of Cadence Design Systems, Inc. in the United States and other countries.

Version: 17.11-s014_1, built Mon Oct 09 2017
Options: -files ../tcl/syn2.tcl 
Date:    Tue Dec 15 16:35:42 2020
Host:    ce-epo3-cad.ewi.tudelft.nl (x86_64 w/Linux 3.10.0-1127.19.1.el7.x86_64) (1core*14cpus*27physical cpus*Intel(R) Xeon(R) CPU E5-2683 v3 @ 2.00GHz 35840KB) (32761648KB)
OS:      Red Hat Enterprise Linux Server release 7.8 (Maipo)

Checking out license: Genus_Synthesis

Loading tool scripts...
Finished loading tool scripts (10 seconds elapsed).

#@ Processing -files option
@genus 1> source ../tcl/syn2.tcl
#@ Begin verbose source tcl/syn2.tcl
@file(syn2.tcl) 6: set_db lib_search_path /data/designkit/tsmc-180nm/lib/TSMCHOME/digital/Front_End/timing_power_noise/NLDM/tcb018gbwp7t_270a/
  Setting attribute of root '/': 'lib_search_path' = /data/designkit/tsmc-180nm/lib/TSMCHOME/digital/Front_End/timing_power_noise/NLDM/tcb018gbwp7t_270a/
@file(syn2.tcl) 7: set_db init_hdl_search_path ../../../VHDL/
  Setting attribute of root '/': 'init_hdl_search_path' = ../../../VHDL/
@file(syn2.tcl) 8: set_db library {tcb018gbwp7twc.lib}

  Message Summary for Library tcb018gbwp7twc.lib:
  ***********************************************
  Could not find an attribute in the library. [LBR-436]: 633
  Missing a function attribute in the output pin definition. [LBR-518]: 1
  An unsupported construct was detected in this library. [LBR-40]: 1
  ***********************************************
 
Info    : Created nominal operating condition. [LBR-412]
        : Operating condition '_nominal_' was created for the PVT values (1.000000, 1.620000, 125.000000) in library 'tcb018gbwp7twc.lib'.
        : The nominal operating condition represents either the nominal PVT values if specified in the library source, or the default PVT values (1.0, 1.0, 1.0).
Warning : Library cell has no output pins defined. [LBR-9]
        : Library cell 'ANTENNABWP7T' must have an output pin.
        : Add the missing output pin(s), then reload the library. Otherwise, the library cell will be marked as unusable and as timing model.
Warning : Library cell has no output pins defined. [LBR-9]
        : Library cell 'ANTENNABWP7T' must have an output pin.
Warning : Library cell has no output pins defined. [LBR-9]
        : Library cell 'DCAP16BWP7T' must have an output pin.
Warning : Library cell has no output pins defined. [LBR-9]
        : Library cell 'DCAP16BWP7T' must have an output pin.
Warning : Library cell has no output pins defined. [LBR-9]
        : Library cell 'DCAP32BWP7T' must have an output pin.
Warning : Library cell has no output pins defined. [LBR-9]
        : Library cell 'DCAP32BWP7T' must have an output pin.
Warning : Library cell has no output pins defined. [LBR-9]
        : Library cell 'DCAP4BWP7T' must have an output pin.
Warning : Library cell has no output pins defined. [LBR-9]
        : Library cell 'DCAP4BWP7T' must have an output pin.
Warning : Library cell has no output pins defined. [LBR-9]
        : Library cell 'DCAP64BWP7T' must have an output pin.
Warning : Library cell has no output pins defined. [LBR-9]
        : Library cell 'DCAP64BWP7T' must have an output pin.
Warning : Library cell has no output pins defined. [LBR-9]
        : Library cell 'DCAP8BWP7T' must have an output pin.
Warning : Library cell has no output pins defined. [LBR-9]
        : Library cell 'DCAP8BWP7T' must have an output pin.
Warning : Library cell has no output pins defined. [LBR-9]
        : Library cell 'DCAPBWP7T' must have an output pin.
Warning : Library cell has no output pins defined. [LBR-9]
        : Library cell 'DCAPBWP7T' must have an output pin.
Warning : Library cell has no output pins defined. [LBR-9]
        : Library cell 'GDCAP10BWP7T' must have an output pin.
Warning : Library cell has no output pins defined. [LBR-9]
        : Library cell 'GDCAP10BWP7T' must have an output pin.
Warning : Library cell has no output pins defined. [LBR-9]
        : Library cell 'GDCAP2BWP7T' must have an output pin.
Warning : Library cell has no output pins defined. [LBR-9]
        : Library cell 'GDCAP2BWP7T' must have an output pin.
Warning : Library cell has no output pins defined. [LBR-9]
        : Library cell 'GDCAP3BWP7T' must have an output pin.
Warning : Library cell has no output pins defined. [LBR-9]
        : Library cell 'GDCAP3BWP7T' must have an output pin.
  Setting attribute of root '/': 'library' = tcb018gbwp7twc.lib
@file(syn2.tcl) 9: set_db use_scan_seqs_for_non_dft false
  Setting attribute of root '/': 'use_scan_seqs_for_non_dft' = false
@file(syn2.tcl) 12: read_hdl -vhdl {accumulator.vhd}
@file(syn2.tcl) 13: read_hdl -vhdl {register_8bit.vhd}
@file(syn2.tcl) 14: read_hdl -vhdl {register_8bit_behaviour_cfg.vhd}
@file(syn2.tcl) 15: read_hdl -vhdl {accumulator_structural_cfg.vhd}
@file(syn2.tcl) 18: elaborate accumulator_structural_cfg
  Library has 344 usable logic and 147 usable sequential lib-cells.
Info    : Elaborating Design. [ELAB-1]
        : Elaborating top-level block 'accumulator' from file '../../../VHDL/accumulator.vhd'.
Info    : Binding to architecture. [ELAB-5]
        : Elaborating architecture 'structural' for entity 'accumulator'.
Info    : Binding to architecture. [ELAB-5]
        : Elaborating architecture 'behaviour' for entity 'register_8bit'.
Info    : Done Elaborating Design. [ELAB-3]
        : Done elaborating 'accumulator'.
Checking for analog nets.... 
Check completed for analog nets.
Info: Checking for source rtl...
Info: Check completed for source rtl...
UM:  flow.cputime  flow.realtime  timing.setup.tns  timing.setup.wns  snapshot
UM:            13             14                                      elaborate
@file(syn2.tcl) 23: dc::create_clock -name clk -period 30 -waveform {0 15} [dc::get_ports clk]
@file(syn2.tcl) 24: dc::set_driving_cell -cell INVD0BWP7T [dc::all_inputs]
@file(syn2.tcl) 25: dc::set_input_delay  .2 -clock clk [dc::all_inputs]
@file(syn2.tcl) 26: dc::set_output_delay .5 -clock clk [dc::all_outputs]
@file(syn2.tcl) 27: dc::set_load 1 [dc::all_outputs]
@file(syn2.tcl) 30: synthesize -to_mapped
Warning : This command will be obsolete in a next major release. [TUI-37]
        : command: 'synthesize'
        : The synthesize command is obsolete. Use the syn_gen, syn_map or syn_opt commands instead.
Info    : Synthesizing. [SYNTH-1]
        : Synthesizing 'accumulator' to generic gates using 'medium' effort.
Info    : Deleting instances not driving any primary outputs. [GLO-34]
        : Deleting 1 hierarchical instance.
        : Optimizations such as constant propagation or redundancy removal could change the connections so a hierarchical instance does not drive any primary outputs anymore. To see the list of deleted hierarchical instances, set the 'information_level' attribute to 2 or above. If the message is truncated set the message attribute 'truncate' to false to see the complete list. To prevent this optimization, set the 'delete_unloaded_insts' root/subdesign attribute to 'false' or 'preserve' instance attribute to 'true'.
Info    : Pre-processed datapath logic. [DPOPT-6]
        : No pre-processing optimizations applied to datapath logic in 'accumulator'.
Info    : Skipping datapath optimization. [DPOPT-5]
        : There is no datapath logic in 'accumulator'.
Info    : Done synthesizing. [SYNTH-2]
        : Done synthesizing 'accumulator' to generic gates.
Info    : Mapping. [SYNTH-4]
        : Mapping 'accumulator' using 'medium' effort.
Mapper: Libraries have:
	domain _default_: 344 combo usable cells and 147 sequential usable cells
Multi-threaded constant propagation [1|0] ...
Multi-threaded Virtual Mapping    (8 threads, 8 of 14 CPUs usable)
 
Global mapping target info
==========================
Cost Group 'clk' target slack:   858 ps
Target path end-point (Port: accumulator/db[0])

Multi-threaded Technology Mapping (8 threads, 8 of 14 CPUs usable)
 
Global mapping status
=====================
                                   Group   
                                  Tot Wrst 
                           Total  Weighted 
Operation                   Area   Slacks  
-------------------------------------------------------------------------------
 global_map                 1109        0 

    Cost Group            Target    Slack    Diff.    Clock
-----------------------------------------------------------
           clk               858    27071             30000 

 
Global incremental target info
==============================
Cost Group 'clk' target slack:   561 ps
Target path end-point (Port: accumulator/db[0])

 
Global incremental optimization status
======================================
                                   Group   
                                  Tot Wrst 
                           Total  Weighted 
Operation                   Area   Slacks  
-------------------------------------------------------------------------------
 global_incr                1078        0 

    Cost Group            Target    Slack    Diff.    Clock
-----------------------------------------------------------
           clk               561    27071             30000 

Info    : Done mapping. [SYNTH-5]
        : Done mapping 'accumulator'.
Info    : Incrementally optimizing. [SYNTH-7]
        : Incrementally optimizing 'accumulator' using 'medium' effort.
 
Incremental optimization status
===============================
                                   Group   
                                  Tot Wrst     Total - - DRC Totals - -
                           Total  Weighted      Neg      Max       Max 
Operation                   Area   Slacks      Slack    Trans      Cap 
-------------------------------------------------------------------------------
 init_iopt                  1078        0         0         0        0
 const_prop                 1078        0         0         0        0
 
Incremental optimization status
===============================
                                   Group   
                                  Tot Wrst     Total - - DRC Totals - -
                           Total  Weighted      Neg      Max       Max 
Operation                   Area   Slacks      Slack    Trans      Cap 
-------------------------------------------------------------------------------
 init_delay                 1078        0         0         0        0

           Trick     Calls     Accepts   Attempts    Time(secs) 
-----------------------------------------------------------
       crit_upsz         0  (        0 /        0 )  0.00
    plc_bal_star         0  (        0 /        0 )  0.00
     drc_buftimb         0  (        0 /        0 )  0.00
          plc_st         0  (        0 /        0 )  0.00
       plc_lo_st         0  (        0 /        0 )  0.00
        plc_star         0  (        0 /        0 )  0.00
     drc_buftims         0  (        0 /        0 )  0.00
       plc_lo_st         0  (        0 /        0 )  0.00
            fopt         0  (        0 /        0 )  0.00
       crit_dnsz         0  (        0 /        0 )  0.00
             dup         0  (        0 /        0 )  0.00
            fopt         0  (        0 /        0 )  0.00
        setup_dn         0  (        0 /        0 )  0.00
         buf2inv         0  (        0 /        0 )  0.00
             exp         0  (        0 /        0 )  0.00
       gate_deco         0  (        0 /        0 )  0.00
       gcomp_tim         0  (        0 /        0 )  0.00
  inv_pair_2_buf         0  (        0 /        0 )  0.00

 init_drc                   1078        0         0         0        0

           Trick     Calls     Accepts   Attempts    Time(secs) 
-----------------------------------------------------------
          plc_st         0  (        0 /        0 )  0.00
        plc_star         0  (        0 /        0 )  0.00
        drc_bufs         0  (        0 /        0 )  0.00
        drc_fopt         0  (        0 /        0 )  0.00
        drc_bufb         0  (        0 /        0 )  0.00
      simple_buf         0  (        0 /        0 )  0.00
             dup         0  (        0 /        0 )  0.00
       crit_dnsz         0  (        0 /        0 )  0.00
       crit_upsz         0  (        0 /        0 )  0.00


           Trick     Calls     Accepts   Attempts    Time(secs) 
-----------------------------------------------------------
          plc_st         0  (        0 /        0 )  0.00
        plc_star         0  (        0 /        0 )  0.00
      drc_buf_sp         0  (        0 /        0 )  0.00
        drc_bufs         0  (        0 /        0 )  0.00
        drc_fopt         0  (        0 /        0 )  0.00
        drc_bufb         0  (        0 /        0 )  0.00
      simple_buf         0  (        0 /        0 )  0.00
             dup         0  (        0 /        0 )  0.00
       crit_dnsz         0  (        0 /        0 )  0.00
       crit_upsz         0  (        0 /        0 )  0.00


           Trick     Calls     Accepts   Attempts    Time(secs) 
-----------------------------------------------------------
          plc_st         0  (        0 /        0 )  0.00
        plc_star         0  (        0 /        0 )  0.00
      drc_buf_sp         0  (        0 /        0 )  0.00
        drc_bufs         0  (        0 /        0 )  0.00
        drc_fopt         0  (        0 /        0 )  0.00
        drc_bufb         0  (        0 /        0 )  0.00
             dup         0  (        0 /        0 )  0.00
       crit_dnsz         0  (        0 /        0 )  0.00
       crit_upsz         0  (        0 /        0 )  0.00

 init_tns                   1078        0         0         0        0

           Trick     Calls     Accepts   Attempts    Time(secs) 
-----------------------------------------------------------
    plc_bal_star         0  (        0 /        0 )  0.00
     drc_buftimb         0  (        0 /        0 )  0.00
     drc_buftims         0  (        0 /        0 )  0.00
       crit_upsz         0  (        0 /        0 )  0.00
       plc_lo_st         0  (        0 /        0 )  0.00
            fopt         0  (        0 /        0 )  0.00
       crit_dnsz         0  (        0 /        0 )  0.00
             dup         0  (        0 /        0 )  0.00
        setup_dn         0  (        0 /        0 )  0.00
         buf2inv         0  (        0 /        0 )  0.00

 init_area                  1078        0         0         0        0

           Trick     Calls     Accepts   Attempts    Time(secs) 
-----------------------------------------------------------
           undup         0  (        0 /        0 )  0.00
         rem_buf         1  (        0 /        0 )  0.00
         rem_inv         0  (        0 /        0 )  0.00
        merge_bi         0  (        0 /        0 )  0.00
      rem_inv_qb         0  (        0 /        0 )  0.00
        io_phase         0  (        0 /        0 )  0.00
       gate_comp         0  (        0 /        0 )  0.00
       gcomp_mog         0  (        0 /        0 )  0.00
       glob_area         3  (        0 /        3 )  0.00
       area_down         6  (        0 /        0 )  0.01
      size_n_buf         0  (        0 /        0 )  0.00
  gate_deco_area         0  (        0 /        0 )  0.00
         rem_buf         1  (        0 /        0 )  0.00
         rem_inv         0  (        0 /        0 )  0.00
        merge_bi         0  (        0 /        0 )  0.00
      rem_inv_qb         0  (        0 /        0 )  0.00

 
Incremental optimization status
===============================
                                   Group   
                                  Tot Wrst     Total - - DRC Totals - -
                           Total  Weighted      Neg      Max       Max 
Operation                   Area   Slacks      Slack    Trans      Cap 
-------------------------------------------------------------------------------
 init_delay                 1078        0         0         0        0

           Trick     Calls     Accepts   Attempts    Time(secs) 
-----------------------------------------------------------
       crit_upsz         0  (        0 /        0 )  0.00
    plc_bal_star         0  (        0 /        0 )  0.00
     drc_buftimb         0  (        0 /        0 )  0.00
          plc_st         0  (        0 /        0 )  0.00
       plc_lo_st         0  (        0 /        0 )  0.00
        plc_star         0  (        0 /        0 )  0.00
     drc_buftims         0  (        0 /        0 )  0.00
       plc_lo_st         0  (        0 /        0 )  0.00
            fopt         0  (        0 /        0 )  0.00
       crit_dnsz         0  (        0 /        0 )  0.00
             dup         0  (        0 /        0 )  0.00
            fopt         0  (        0 /        0 )  0.00
        setup_dn         0  (        0 /        0 )  0.00
         buf2inv         0  (        0 /        0 )  0.00
             exp         0  (        0 /        0 )  0.00
       gate_deco         0  (        0 /        0 )  0.00
       gcomp_tim         0  (        0 /        0 )  0.00
  inv_pair_2_buf         0  (        0 /        0 )  0.00

 init_drc                   1078        0         0         0        0

           Trick     Calls     Accepts   Attempts    Time(secs) 
-----------------------------------------------------------
          plc_st         0  (        0 /        0 )  0.00
        plc_star         0  (        0 /        0 )  0.00
        drc_bufs         0  (        0 /        0 )  0.00
        drc_fopt         0  (        0 /        0 )  0.00
        drc_bufb         0  (        0 /        0 )  0.00
      simple_buf         0  (        0 /        0 )  0.00
             dup         0  (        0 /        0 )  0.00
       crit_dnsz         0  (        0 /        0 )  0.00
       crit_upsz         0  (        0 /        0 )  0.00


           Trick     Calls     Accepts   Attempts    Time(secs) 
-----------------------------------------------------------
          plc_st         0  (        0 /        0 )  0.00
        plc_star         0  (        0 /        0 )  0.00
        drc_bufs         0  (        0 /        0 )  0.00
        drc_fopt         0  (        0 /        0 )  0.00
        drc_bufb         0  (        0 /        0 )  0.00
      simple_buf         0  (        0 /        0 )  0.00
             dup         0  (        0 /        0 )  0.00
       crit_dnsz         0  (        0 /        0 )  0.00
       crit_upsz         0  (        0 /        0 )  0.00


           Trick     Calls     Accepts   Attempts    Time(secs) 
-----------------------------------------------------------
          plc_st         0  (        0 /        0 )  0.00
        plc_star         0  (        0 /        0 )  0.00
        drc_bufs         0  (        0 /        0 )  0.00
        drc_fopt         0  (        0 /        0 )  0.00
        drc_bufb         0  (        0 /        0 )  0.00
             dup         0  (        0 /        0 )  0.00
       crit_dnsz         0  (        0 /        0 )  0.00
       crit_upsz         0  (        0 /        0 )  0.00

 init_area                  1078        0         0         0        0

           Trick     Calls     Accepts   Attempts    Time(secs) 
-----------------------------------------------------------
           undup         0  (        0 /        0 )  0.00
         rem_buf         1  (        0 /        0 )  0.00
         rem_inv         0  (        0 /        0 )  0.00
        merge_bi         0  (        0 /        0 )  0.00
      rem_inv_qb         0  (        0 /        0 )  0.00
        io_phase         0  (        0 /        0 )  0.00
       gate_comp         0  (        0 /        0 )  0.00
       gcomp_mog         0  (        0 /        0 )  0.00
       glob_area         3  (        0 /        3 )  0.00
       area_down         6  (        0 /        0 )  0.01
      size_n_buf         0  (        0 /        0 )  0.00
  gate_deco_area         0  (        0 /        0 )  0.00

Info    : Done incrementally optimizing. [SYNTH-8]
        : Done incrementally optimizing 'accumulator'.
     flow.cputime  flow.realtime  timing.setup.tns  timing.setup.wns  snapshot
UM:             0              1            0.0 ps        27071.0 ps  synthesize
@file(syn2.tcl) 35: ungroup -all -flat
@file(syn2.tcl) 36: insert_tiehilo_cells
  Setting attribute of design 'accumulator': 'pias_in_map' = false
@file(syn2.tcl) 37: write_hdl -mapped > ../out/accumulator.v
@file(syn2.tcl) 38: write_sdf > ../out/accumulator.sdf
Warning : Default value for an option has changed in this release. [WSDF-104]
        : Default value for -setuphold has changed from split to merge_always. Specify '-setuphold split' to preserve the behavior of the previous release.
        : Specify the option explicitly.
Warning : Default value for an option has changed in this release. [WSDF-104]
        : Default value for -recrem has changed from split to merge_always. Specify '-recrem split' to preserve the behavior of the previous release.
@file(syn2.tcl) 39: write_sdc > ../out/accumulator.sdc
Finished SDC export (command execution time mm:ss (real) = 00:00).
@file(syn2.tcl) 41: report timing
============================================================
  Generated by:           Genus(TM) Synthesis Solution 17.11-s014_1
  Generated on:           Dec 15 2020  04:35:56 pm
  Module:                 accumulator
  Operating conditions:   WCCOM (balanced_tree)
  Wireload mode:          segmented
  Area mode:              timing library
============================================================


Path 1: MET (27071 ps) Late External Delay Assertion at pin db[0]
          Group: clk
     Startpoint: (R) ac_db
          Clock: (R) clk
       Endpoint: (R) db[0]
          Clock: (R) clk

                     Capture       Launch     
        Clock Edge:+   30000            0     
       Src Latency:+       0            0     
       Net Latency:+       0 (I)        0 (I) 
           Arrival:=   30000            0     
                                              
      Output Delay:-     500                  
     Required Time:=   29500                  
      Launch Clock:-       0                  
       Input Delay:-     200                  
         Data Path:-    2229                  
             Slack:=   27071                  

#------------------------------------------------------------------------------------
# Timing Point   Flags    Arc   Edge     Cell      Fanout  Load  Trans Delay Arrival 
#                                                          (fF)   (ps)  (ps)   (ps)  
#------------------------------------------------------------------------------------
  ac_db          -       -      R     (arrival)         2    6.5   145    58     258 
  g53/ZN         -       A1->ZN R     INR2XD0BWP7T      8   56.0   945   642     900 
  g28/Z          -       OE->Z  R     BUFTD4BWP7T       1 1009.7  2309  1529    2429 
  db[0]          <<<     -      R     (port)            -      -     -     0    2429 
#------------------------------------------------------------------------------------

@file(syn2.tcl) 42: report gates
============================================================
  Generated by:           Genus(TM) Synthesis Solution 17.11-s014_1
  Generated on:           Dec 15 2020  04:35:56 pm
  Module:                 accumulator
  Operating conditions:   WCCOM (balanced_tree)
  Wireload mode:          segmented
  Area mode:              timing library
============================================================

                                    
     Gate       Instances    Area        Library      
------------------------------------------------------
AN2D1BWP7T              1    10.976    tcb018gbwp7twc 
AN2D4BWP7T              1    26.342    tcb018gbwp7twc 
BUFFD4BWP7T             1    19.757    tcb018gbwp7twc 
BUFTD4BWP7T            16   491.725    tcb018gbwp7twc 
EDFKCNQD1BWP7T          8   474.163    tcb018gbwp7twc 
INR2XD0BWP7T            2    21.952    tcb018gbwp7twc 
INVD1BWP7T              1     6.586    tcb018gbwp7twc 
NR4D0BWP7T              2    26.342    tcb018gbwp7twc 
------------------------------------------------------
total                  32  1077.843                   


                                         
     Type      Instances   Area   Area % 
-----------------------------------------
sequential             8  474.163   44.0 
inverter               1    6.586    0.6 
buffer                 1   19.757    1.8 
tristate              16  491.725   45.6 
logic                  6   85.613    7.9 
physical_cells         0    0.000    0.0 
-----------------------------------------
total                 32 1077.843  100.0 

@file(syn2.tcl) 44: gui_show
#@ End verbose source tcl/syn2.tcl
WARNING: This version of the tool is 1163 days old.
Normal exit.
