Cadence Genus(TM) Synthesis Solution.
Copyright 2017 Cadence Design Systems, Inc. All rights reserved worldwide.
Cadence and the Cadence logo are registered trademarks and Genus is a trademark
of Cadence Design Systems, Inc. in the United States and other countries.

Version: 17.11-s014_1, built Mon Oct 09 2017
Options: -files ../tcl/syn2.tcl 
Date:    Wed Dec 16 15:59:51 2020
Host:    ce-epo3-cad.ewi.tudelft.nl (x86_64 w/Linux 3.10.0-1127.19.1.el7.x86_64) (1core*14cpus*27physical cpus*Intel(R) Xeon(R) CPU E5-2683 v3 @ 2.00GHz 35840KB) (32761648KB)
OS:      Red Hat Enterprise Linux Server release 7.8 (Maipo)

Checking out license: Genus_Synthesis

Loading tool scripts...
Finished loading tool scripts (10 seconds elapsed).

#@ Processing -files option
@genus 1> source ../tcl/syn2.tcl
#@ Begin verbose source tcl/syn2.tcl
@file(syn2.tcl) 6: set_db lib_search_path /data/designkit/tsmc-180nm/lib/TSMCHOME/digital/Front_End/timing_power_noise/NLDM/tcb018gbwp7t_270a/
  Setting attribute of root '/': 'lib_search_path' = /data/designkit/tsmc-180nm/lib/TSMCHOME/digital/Front_End/timing_power_noise/NLDM/tcb018gbwp7t_270a/
@file(syn2.tcl) 7: set_db init_hdl_search_path ../../../VHDL/
  Setting attribute of root '/': 'init_hdl_search_path' = ../../../VHDL/
@file(syn2.tcl) 8: set_db library {tcb018gbwp7twc.lib}

  Message Summary for Library tcb018gbwp7twc.lib:
  ***********************************************
  Could not find an attribute in the library. [LBR-436]: 633
  Missing a function attribute in the output pin definition. [LBR-518]: 1
  An unsupported construct was detected in this library. [LBR-40]: 1
  ***********************************************
 
Info    : Created nominal operating condition. [LBR-412]
        : Operating condition '_nominal_' was created for the PVT values (1.000000, 1.620000, 125.000000) in library 'tcb018gbwp7twc.lib'.
        : The nominal operating condition represents either the nominal PVT values if specified in the library source, or the default PVT values (1.0, 1.0, 1.0).
Warning : Library cell has no output pins defined. [LBR-9]
        : Library cell 'ANTENNABWP7T' must have an output pin.
        : Add the missing output pin(s), then reload the library. Otherwise, the library cell will be marked as unusable and as timing model.
Warning : Library cell has no output pins defined. [LBR-9]
        : Library cell 'ANTENNABWP7T' must have an output pin.
Warning : Library cell has no output pins defined. [LBR-9]
        : Library cell 'DCAP16BWP7T' must have an output pin.
Warning : Library cell has no output pins defined. [LBR-9]
        : Library cell 'DCAP16BWP7T' must have an output pin.
Warning : Library cell has no output pins defined. [LBR-9]
        : Library cell 'DCAP32BWP7T' must have an output pin.
Warning : Library cell has no output pins defined. [LBR-9]
        : Library cell 'DCAP32BWP7T' must have an output pin.
Warning : Library cell has no output pins defined. [LBR-9]
        : Library cell 'DCAP4BWP7T' must have an output pin.
Warning : Library cell has no output pins defined. [LBR-9]
        : Library cell 'DCAP4BWP7T' must have an output pin.
Warning : Library cell has no output pins defined. [LBR-9]
        : Library cell 'DCAP64BWP7T' must have an output pin.
Warning : Library cell has no output pins defined. [LBR-9]
        : Library cell 'DCAP64BWP7T' must have an output pin.
Warning : Library cell has no output pins defined. [LBR-9]
        : Library cell 'DCAP8BWP7T' must have an output pin.
Warning : Library cell has no output pins defined. [LBR-9]
        : Library cell 'DCAP8BWP7T' must have an output pin.
Warning : Library cell has no output pins defined. [LBR-9]
        : Library cell 'DCAPBWP7T' must have an output pin.
Warning : Library cell has no output pins defined. [LBR-9]
        : Library cell 'DCAPBWP7T' must have an output pin.
Warning : Library cell has no output pins defined. [LBR-9]
        : Library cell 'GDCAP10BWP7T' must have an output pin.
Warning : Library cell has no output pins defined. [LBR-9]
        : Library cell 'GDCAP10BWP7T' must have an output pin.
Warning : Library cell has no output pins defined. [LBR-9]
        : Library cell 'GDCAP2BWP7T' must have an output pin.
Warning : Library cell has no output pins defined. [LBR-9]
        : Library cell 'GDCAP2BWP7T' must have an output pin.
Warning : Library cell has no output pins defined. [LBR-9]
        : Library cell 'GDCAP3BWP7T' must have an output pin.
Warning : Library cell has no output pins defined. [LBR-9]
        : Library cell 'GDCAP3BWP7T' must have an output pin.
  Setting attribute of root '/': 'library' = tcb018gbwp7twc.lib
@file(syn2.tcl) 9: set_db use_scan_seqs_for_non_dft false
  Setting attribute of root '/': 'use_scan_seqs_for_non_dft' = false
@file(syn2.tcl) 12: read_hdl -vhdl {clock.vhd}
Warning : Initial values are ignored for synthesis. [VHDL-639]
        : in file '../../../VHDL/clock.vhd' on line 16.
        : The specified construct has no effect on synthesis. In some cases (such as 'after' clauses in signal assignments) may cause a mismatch between and simulation.
@file(syn2.tcl) 13: read_hdl -vhdl {clock_arch_cfg.vhd}
@file(syn2.tcl) 16: elaborate clock_arch_cfg
  Library has 344 usable logic and 147 usable sequential lib-cells.
Info    : Elaborating Design. [ELAB-1]
        : Elaborating top-level block 'clock' from file '../../../VHDL/clock.vhd'.
Info    : Binding to architecture. [ELAB-5]
        : Elaborating architecture 'arch' for entity 'clock'.
Info    : Done Elaborating Design. [ELAB-3]
        : Done elaborating 'clock'.
Checking for analog nets.... 
Check completed for analog nets.
Info: Checking for source rtl...
Info: Check completed for source rtl...
UM:  flow.cputime  flow.realtime  timing.setup.tns  timing.setup.wns  snapshot
UM:            12             13                                      elaborate
@file(syn2.tcl) 20: dc::set_driving_cell -cell INVD0BWP7T [dc::all_inputs]
@file(syn2.tcl) 21: dc::set_load 1 [dc::all_outputs]
@file(syn2.tcl) 24: synthesize -to_mapped
Warning : This command will be obsolete in a next major release. [TUI-37]
        : command: 'synthesize'
        : The synthesize command is obsolete. Use the syn_gen, syn_map or syn_opt commands instead.
Info    : Synthesizing. [SYNTH-1]
        : Synthesizing 'clock' to generic gates using 'medium' effort.
Info    : Deleting instances not driving any primary outputs. [GLO-34]
        : Deleting 3 hierarchical instances.
        : Optimizations such as constant propagation or redundancy removal could change the connections so a hierarchical instance does not drive any primary outputs anymore. To see the list of deleted hierarchical instances, set the 'information_level' attribute to 2 or above. If the message is truncated set the message attribute 'truncate' to false to see the complete list. To prevent this optimization, set the 'delete_unloaded_insts' root/subdesign attribute to 'false' or 'preserve' instance attribute to 'true'.
Info    : Pre-processed datapath logic. [DPOPT-6]
        : No pre-processing optimizations applied to datapath logic in 'clock'.
Info    : Optimizing datapath logic. [DPOPT-1]
        : Optimizing datapath logic in 'clock'.
Info    : Implementing datapath configurations. [DPOPT-3]
        : Implementing datapath configurations for 'CDN_DP_region'
Info    : Done implementing datapath configurations. [DPOPT-4]
        : Selected 'very_fast' configuration 4 for module 'CDN_DP_region'.
          Optimizations applied to 'very_fast' configuration:
            rewriting(0), factoring(0), sharing(0), cmultcse(0), downsizing(0), speculation(0)
Info    : Done optimizing datapath logic. [DPOPT-2]
        : Done optimizing datapath logic in 'clock'.
Info    : Done synthesizing. [SYNTH-2]
        : Done synthesizing 'clock' to generic gates.
Info    : Mapping. [SYNTH-4]
        : Mapping 'clock' using 'medium' effort.
Mapper: Libraries have:
	domain _default_: 344 combo usable cells and 147 sequential usable cells
Multi-threaded constant propagation [1|0] ...
Multi-threaded Virtual Mapping    (8 threads per ST process, 8 of 14 CPUs usable)
 
Global mapping target info
==========================
Cost Group 'default' target slack: Unconstrained

Multi-threaded Technology Mapping (8 threads per ST process, 8 of 14 CPUs usable)
 
Global mapping status
=====================
                                    Worst 
                           Total  Weighted
Operation                   Area  Neg Slk Worst Path
-------------------------------------------------------------------------------
 global_map                 2775        0  N/A

    Cost Group            Target    Slack    Diff.    Clock
-----------------------------------------------------------
       default          unconst. unconst.              N.A. 

 
Global incremental target info
==============================
Cost Group 'default' target slack: Unconstrained

 
Global incremental optimization status
======================================
                                    Worst 
                           Total  Weighted
Operation                   Area  Neg Slk Worst Path
-------------------------------------------------------------------------------
 global_incr                2753        0  N/A

    Cost Group            Target    Slack    Diff.    Clock
-----------------------------------------------------------
       default          unconst. unconst.              N.A. 

Info    : Done mapping. [SYNTH-5]
        : Done mapping 'clock'.
Info    : Incrementally optimizing. [SYNTH-7]
        : Incrementally optimizing 'clock' using 'medium' effort.
 
Incremental optimization status
===============================
                                    Worst     Total - - DRC Totals - -
                           Total  Weighted     Neg      Max       Max 
Operation                   Area  Neg Slk     Slack    Trans      Cap 
-------------------------------------------------------------------------------
 init_iopt                  2753        0         0         0        0
 const_prop                 2753        0         0         0        0
 
Incremental optimization status
===============================
                                    Worst     Total - - DRC Totals - -
                           Total  Weighted     Neg      Max       Max 
Operation                   Area  Neg Slk     Slack    Trans      Cap 
-------------------------------------------------------------------------------
 init_delay                 2753        0         0         0        0

           Trick     Calls     Accepts   Attempts    Time(secs) 
-----------------------------------------------------------
       crit_upsz         0  (        0 /        0 )  0.00
    plc_bal_star         0  (        0 /        0 )  0.00
     drc_buftimb         0  (        0 /        0 )  0.00
          plc_st         0  (        0 /        0 )  0.00
       plc_lo_st         0  (        0 /        0 )  0.00
        plc_star         0  (        0 /        0 )  0.00
     drc_buftims         0  (        0 /        0 )  0.00
       plc_lo_st         0  (        0 /        0 )  0.00
            fopt         0  (        0 /        0 )  0.00
       crit_dnsz         0  (        0 /        0 )  0.00
             dup         0  (        0 /        0 )  0.00
            fopt         0  (        0 /        0 )  0.00
        setup_dn         0  (        0 /        0 )  0.00
         buf2inv         0  (        0 /        0 )  0.00
             exp         0  (        0 /        0 )  0.00
       gate_deco         0  (        0 /        0 )  0.00
       gcomp_tim         0  (        0 /        0 )  0.00
  inv_pair_2_buf         0  (        0 /        0 )  0.00

 init_drc                   2753        0         0         0        0

           Trick     Calls     Accepts   Attempts    Time(secs) 
-----------------------------------------------------------
          plc_st         0  (        0 /        0 )  0.00
        plc_star         0  (        0 /        0 )  0.00
        drc_bufs         0  (        0 /        0 )  0.00
        drc_fopt         0  (        0 /        0 )  0.00
        drc_bufb         0  (        0 /        0 )  0.00
      simple_buf         0  (        0 /        0 )  0.00
             dup         0  (        0 /        0 )  0.00
       crit_dnsz         0  (        0 /        0 )  0.00
       crit_upsz         0  (        0 /        0 )  0.00


           Trick     Calls     Accepts   Attempts    Time(secs) 
-----------------------------------------------------------
          plc_st         0  (        0 /        0 )  0.00
        plc_star         0  (        0 /        0 )  0.00
      drc_buf_sp         0  (        0 /        0 )  0.00
        drc_bufs         0  (        0 /        0 )  0.00
        drc_fopt         0  (        0 /        0 )  0.00
        drc_bufb         0  (        0 /        0 )  0.00
      simple_buf         0  (        0 /        0 )  0.00
             dup         0  (        0 /        0 )  0.00
       crit_dnsz         0  (        0 /        0 )  0.00
       crit_upsz         0  (        0 /        0 )  0.00


           Trick     Calls     Accepts   Attempts    Time(secs) 
-----------------------------------------------------------
          plc_st         0  (        0 /        0 )  0.00
        plc_star         0  (        0 /        0 )  0.00
      drc_buf_sp         0  (        0 /        0 )  0.00
        drc_bufs         0  (        0 /        0 )  0.00
        drc_fopt         0  (        0 /        0 )  0.00
        drc_bufb         0  (        0 /        0 )  0.00
             dup         0  (        0 /        0 )  0.00
       crit_dnsz         0  (        0 /        0 )  0.00
       crit_upsz         0  (        0 /        0 )  0.00

 init_tns                   2753        0         0         0        0

           Trick     Calls     Accepts   Attempts    Time(secs) 
-----------------------------------------------------------
    plc_bal_star         0  (        0 /        0 )  0.00
     drc_buftimb         0  (        0 /        0 )  0.00
     drc_buftims         0  (        0 /        0 )  0.00
       crit_upsz         0  (        0 /        0 )  0.00
       plc_lo_st         0  (        0 /        0 )  0.00
            fopt         0  (        0 /        0 )  0.00
       crit_dnsz         0  (        0 /        0 )  0.00
             dup         0  (        0 /        0 )  0.00
        setup_dn         0  (        0 /        0 )  0.00
         buf2inv         0  (        0 /        0 )  0.00

 init_area                  2753        0         0         0        0
 glob_area                  2740        0         0         0        0
 area_down                  2731        0         0         0        0

           Trick     Calls     Accepts   Attempts    Time(secs) 
-----------------------------------------------------------
           undup         0  (        0 /        0 )  0.00
         rem_buf         0  (        0 /        0 )  0.00
         rem_inv         0  (        0 /        0 )  0.00
        merge_bi         0  (        0 /        0 )  0.00
      rem_inv_qb         2  (        0 /        0 )  0.00
        io_phase         0  (        0 /        0 )  0.00
       gate_comp         1  (        0 /        0 )  0.01
       gcomp_mog         2  (        0 /        0 )  0.01
       glob_area        32  (        1 /       32 )  0.00
       area_down         2  (        1 /        1 )  0.00
      size_n_buf         0  (        0 /        0 )  0.00
  gate_deco_area         0  (        0 /        0 )  0.00
         rem_buf         0  (        0 /        0 )  0.00
         rem_inv         0  (        0 /        0 )  0.00
        merge_bi         0  (        0 /        0 )  0.00
      rem_inv_qb         2  (        0 /        0 )  0.00

 
Incremental optimization status
===============================
                                    Worst     Total - - DRC Totals - -
                           Total  Weighted     Neg      Max       Max 
Operation                   Area  Neg Slk     Slack    Trans      Cap 
-------------------------------------------------------------------------------
 init_delay                 2731        0         0         0        0

           Trick     Calls     Accepts   Attempts    Time(secs) 
-----------------------------------------------------------
       crit_upsz         0  (        0 /        0 )  0.00
    plc_bal_star         0  (        0 /        0 )  0.00
     drc_buftimb         0  (        0 /        0 )  0.00
          plc_st         0  (        0 /        0 )  0.00
       plc_lo_st         0  (        0 /        0 )  0.00
        plc_star         0  (        0 /        0 )  0.00
     drc_buftims         0  (        0 /        0 )  0.00
       plc_lo_st         0  (        0 /        0 )  0.00
            fopt         0  (        0 /        0 )  0.00
       crit_dnsz         0  (        0 /        0 )  0.00
             dup         0  (        0 /        0 )  0.00
            fopt         0  (        0 /        0 )  0.00
        setup_dn         0  (        0 /        0 )  0.00
         buf2inv         0  (        0 /        0 )  0.00
             exp         0  (        0 /        0 )  0.00
       gate_deco         0  (        0 /        0 )  0.00
       gcomp_tim         0  (        0 /        0 )  0.00
  inv_pair_2_buf         0  (        0 /        0 )  0.00

 init_drc                   2731        0         0         0        0

           Trick     Calls     Accepts   Attempts    Time(secs) 
-----------------------------------------------------------
          plc_st         0  (        0 /        0 )  0.00
        plc_star         0  (        0 /        0 )  0.00
        drc_bufs         0  (        0 /        0 )  0.00
        drc_fopt         0  (        0 /        0 )  0.00
        drc_bufb         0  (        0 /        0 )  0.00
      simple_buf         0  (        0 /        0 )  0.00
             dup         0  (        0 /        0 )  0.00
       crit_dnsz         0  (        0 /        0 )  0.00
       crit_upsz         0  (        0 /        0 )  0.00


           Trick     Calls     Accepts   Attempts    Time(secs) 
-----------------------------------------------------------
          plc_st         0  (        0 /        0 )  0.00
        plc_star         0  (        0 /        0 )  0.00
        drc_bufs         0  (        0 /        0 )  0.00
        drc_fopt         0  (        0 /        0 )  0.00
        drc_bufb         0  (        0 /        0 )  0.00
      simple_buf         0  (        0 /        0 )  0.00
             dup         0  (        0 /        0 )  0.00
       crit_dnsz         0  (        0 /        0 )  0.00
       crit_upsz         0  (        0 /        0 )  0.00


           Trick     Calls     Accepts   Attempts    Time(secs) 
-----------------------------------------------------------
          plc_st         0  (        0 /        0 )  0.00
        plc_star         0  (        0 /        0 )  0.00
        drc_bufs         0  (        0 /        0 )  0.00
        drc_fopt         0  (        0 /        0 )  0.00
        drc_bufb         0  (        0 /        0 )  0.00
             dup         0  (        0 /        0 )  0.00
       crit_dnsz         0  (        0 /        0 )  0.00
       crit_upsz         0  (        0 /        0 )  0.00

 init_area                  2731        0         0         0        0

           Trick     Calls     Accepts   Attempts    Time(secs) 
-----------------------------------------------------------
           undup         0  (        0 /        0 )  0.00
         rem_buf         0  (        0 /        0 )  0.00
         rem_inv         0  (        0 /        0 )  0.00
        merge_bi         0  (        0 /        0 )  0.00
      rem_inv_qb         2  (        0 /        0 )  0.00
        io_phase         0  (        0 /        0 )  0.00
       gate_comp         1  (        0 /        0 )  0.01
       gcomp_mog         2  (        0 /        0 )  0.01
       glob_area        32  (        0 /       32 )  0.00
       area_down         2  (        0 /        0 )  0.00
      size_n_buf         0  (        0 /        0 )  0.00
  gate_deco_area         0  (        0 /        0 )  0.00

Info    : Done incrementally optimizing. [SYNTH-8]
        : Done incrementally optimizing 'clock'.
     flow.cputime  flow.realtime  timing.setup.tns  timing.setup.wns  snapshot
UM:             4              3            0.0 ps            inf ps  synthesize
@file(syn2.tcl) 29: ungroup -all -flat
@file(syn2.tcl) 30: insert_tiehilo_cells
  Setting attribute of design 'clock': 'pias_in_map' = false
@file(syn2.tcl) 31: write_hdl -mapped > ../out/clock.v
@file(syn2.tcl) 32: write_sdf > ../out/clock.sdf
Warning : Default value for an option has changed in this release. [WSDF-104]
        : Default value for -setuphold has changed from split to merge_always. Specify '-setuphold split' to preserve the behavior of the previous release.
        : Specify the option explicitly.
Warning : Default value for an option has changed in this release. [WSDF-104]
        : Default value for -recrem has changed from split to merge_always. Specify '-recrem split' to preserve the behavior of the previous release.
@file(syn2.tcl) 33: write_sdc > ../out/clock.sdc
Finished SDC export (command execution time mm:ss (real) = 00:00).
@file(syn2.tcl) 35: report timing
Warning : Possible timing problems have been detected in this design. [TIM-11]
        : The design is 'clock'.
        : Use 'report timing -lint' for more information.
============================================================
  Generated by:           Genus(TM) Synthesis Solution 17.11-s014_1
  Generated on:           Dec 16 2020  04:00:08 pm
  Module:                 clock
  Operating conditions:   WCCOM (balanced_tree)
  Wireload mode:          segmented
  Area mode:              timing library
============================================================

Some unconstrained paths have not been displayed.
Use -unconstrained or set the root attribute 'timing_report_unconstrained' to 'true' to see only these unconstrained paths.

@file(syn2.tcl) 36: report gates
============================================================
  Generated by:           Genus(TM) Synthesis Solution 17.11-s014_1
  Generated on:           Dec 16 2020  04:00:08 pm
  Module:                 clock
  Operating conditions:   WCCOM (balanced_tree)
  Wireload mode:          segmented
  Area mode:              timing library
============================================================

                                   
     Gate      Instances    Area        Library      
-----------------------------------------------------
AN4D1BWP7T             1    15.366    tcb018gbwp7twc 
CKXOR2D0BWP7T          1    19.757    tcb018gbwp7twc 
CKXOR2D4BWP7T          1    48.294    tcb018gbwp7twc 
DFD1BWP7T              1    43.904    tcb018gbwp7twc 
DFKCND1BWP7T           1    48.294    tcb018gbwp7twc 
DFKCNQD1BWP7T         31  1361.024    tcb018gbwp7twc 
DFQD1BWP7T             1    41.709    tcb018gbwp7twc 
IIND4D0BWP7T           1    19.757    tcb018gbwp7twc 
IND2D0BWP7T           30   329.280    tcb018gbwp7twc 
IND4D0BWP7T            1    15.366    tcb018gbwp7twc 
INR2D0BWP7T            1    10.976    tcb018gbwp7twc 
INR4D0BWP7T            8   140.493    tcb018gbwp7twc 
INVD4BWP7T             2    30.733    tcb018gbwp7twc 
MOAI22D0BWP7T         30   460.992    tcb018gbwp7twc 
ND2D0BWP7T             2    17.562    tcb018gbwp7twc 
NR2XD0BWP7T            1     8.781    tcb018gbwp7twc 
NR4D0BWP7T             9   118.541    tcb018gbwp7twc 
-----------------------------------------------------
total                122  2730.829                   


                                         
     Type      Instances   Area   Area % 
-----------------------------------------
sequential            34 1494.931   54.7 
inverter               2   30.733    1.1 
logic                 86 1205.165   44.1 
physical_cells         0    0.000    0.0 
-----------------------------------------
total                122 2730.829  100.0 

@file(syn2.tcl) 38: gui_show
#@ End verbose source tcl/syn2.tcl
WARNING: This version of the tool is 1164 days old.
Normal exit.
